

Log start in Wed Apr  8 23:31:15 2020

------------------------------------------------------

Log start in Thu Apr  9 12:50:31 2020
Size 3:  3.09e-05 Sec
Size 4:  0.0001233 Sec
Size 5:  0.00074 Sec
Size 6:  0.0040637 Sec
Size 7:  0.0324834 Sec
Size 8:  0.285838 Sec
Size 9:  2.83674 Sec
Size 10:  30.8437 Sec
Size 11:  373.371 Sec

------------------------------------------------------

Log start in Thu Apr  9 20:40:57 2020
Size 3:  2.06e-05 Sec
Size 4:  4.48e-05 Sec
Size 5:  0.0002337 Sec
Size 6:  0.0015241 Sec
Size 7:  0.0120574 Sec
Size 8:  0.108293 Sec
Size 9:  1.10363 Sec
Size 10:  11.6296 Sec
Size 11:  140.652 Sec
Теперь определитель матрицы 3*3 считается одной формулой, а не рекурсией, как было.

------------------------------------------------------

